0 info it worked if it ends with ok
1 verbose cli [ '/usr/local/bin/node', '/usr/local/bin/npm', 'run', 'test' ]
2 info using npm@4.1.2
3 info using node@v7.5.0
4 verbose run-script [ 'pretest', 'test', 'posttest' ]
5 info lifecycle postcss-french-stylesheets@1.0.1~pretest: postcss-french-stylesheets@1.0.1
6 silly lifecycle postcss-french-stylesheets@1.0.1~pretest: no script for pretest, continuing
7 info lifecycle postcss-french-stylesheets@1.0.1~test: postcss-french-stylesheets@1.0.1
8 verbose lifecycle postcss-french-stylesheets@1.0.1~test: unsafe-perm in lifecycle true
9 verbose lifecycle postcss-french-stylesheets@1.0.1~test: PATH: /usr/local/lib/node_modules/npm/bin/node-gyp-bin:/Users/tom/scripts/postcss-french-stylesheets/node_modules/.bin:/usr/texbin:/usr/local/bin:/usr/bin:/bin:/usr/sbin:/sbin:/Library/TeX/Distributions/.DefaultTeX/Contents/Programs/texbin
10 verbose lifecycle postcss-french-stylesheets@1.0.1~test: CWD: /Users/tom/scripts/postcss-french-stylesheets
11 silly lifecycle postcss-french-stylesheets@1.0.1~test: Args: [ '-c', 'mocha --compilers js:babel-register' ]
12 silly lifecycle postcss-french-stylesheets@1.0.1~test: Returned: code: 94  signal: null
13 info lifecycle postcss-french-stylesheets@1.0.1~test: Failed to exec test script
14 verbose stack Error: postcss-french-stylesheets@1.0.1 test: `mocha --compilers js:babel-register`
14 verbose stack Exit status 94
14 verbose stack     at EventEmitter.<anonymous> (/usr/local/lib/node_modules/npm/lib/utils/lifecycle.js:279:16)
14 verbose stack     at emitTwo (events.js:106:13)
14 verbose stack     at EventEmitter.emit (events.js:192:7)
14 verbose stack     at ChildProcess.<anonymous> (/usr/local/lib/node_modules/npm/lib/utils/spawn.js:40:14)
14 verbose stack     at emitTwo (events.js:106:13)
14 verbose stack     at ChildProcess.emit (events.js:192:7)
14 verbose stack     at maybeClose (internal/child_process.js:890:16)
14 verbose stack     at Process.ChildProcess._handle.onexit (internal/child_process.js:226:5)
15 verbose pkgid postcss-french-stylesheets@1.0.1
16 verbose cwd /Users/tom/scripts/postcss-french-stylesheets
17 error Darwin 16.1.0
18 error argv "/usr/local/bin/node" "/usr/local/bin/npm" "run" "test"
19 error node v7.5.0
20 error npm  v4.1.2
21 error code ELIFECYCLE
22 error postcss-french-stylesheets@1.0.1 test: `mocha --compilers js:babel-register`
22 error Exit status 94
23 error Failed at the postcss-french-stylesheets@1.0.1 test script 'mocha --compilers js:babel-register'.
23 error Make sure you have the latest version of node.js and npm installed.
23 error If you do, this is most likely a problem with the postcss-french-stylesheets package,
23 error not with npm itself.
23 error Tell the author that this fails on your system:
23 error     mocha --compilers js:babel-register
23 error You can get information on how to open an issue for this project with:
23 error     npm bugs postcss-french-stylesheets
23 error Or if that isn't available, you can get their info via:
23 error     npm owner ls postcss-french-stylesheets
23 error There is likely additional logging output above.
24 verbose exit [ 1, true ]
